<?xml version="1.0" encoding="UTF-8"?>
<!-- Generated by org.testng.reporters.JUnitReportReporter -->
<testsuite hostname="VT-11792" failures="0" tests="3" name="runners.TestRunner" time="15.060" errors="0" timestamp="2025-04-20T13:31:38 IST" skipped="0">
  <testcase classname="runners.TestRunner" name="runScenario" time="4.417"/>
  <testcase classname="runners.TestRunner" name="runScenario" time="3.107"/>
  <testcase classname="runners.TestRunner" name="runScenario" time="7.536"/>
</testsuite> <!-- runners.TestRunner -->
