<?xml version="1.0" encoding="UTF-8"?>
<!-- Generated by org.testng.reporters.JUnitReportReporter -->
<testsuite hostname="VT-11792" failures="0" tests="6" name="runners.TestRunner" time="20.501" errors="0" timestamp="2025-04-21T13:15:33 IST" skipped="0">
  <testcase classname="runners.TestRunner" name="runScenario" time="2.696"/>
  <testcase classname="runners.TestRunner" name="runScenario" time="4.471"/>
  <testcase classname="runners.TestRunner" name="runScenario" time="6.062"/>
  <testcase classname="runners.TestRunner" name="runScenario" time="2.993"/>
  <testcase classname="runners.TestRunner" name="runScenario" time="2.440"/>
  <testcase classname="runners.TestRunner" name="runScenario" time="1.839"/>
</testsuite> <!-- runners.TestRunner -->
